[2020-07-17T13:34:21.831] [DEBUG] cheese - login => username:zs,password:123456
[2020-07-17T13:34:21.833] [DEBUG] cheese - zs
[2020-07-17T13:34:21.840] [DEBUG] cheese - null
[2020-07-17T13:34:21.840] [DEBUG] cheese - null
[2020-07-17T13:35:08.775] [DEBUG] cheese - login => username:admin,password:123456
[2020-07-17T13:35:08.775] [DEBUG] cheese - admin
[2020-07-17T13:35:08.780] [DEBUG] cheese - null
[2020-07-17T13:35:08.780] [DEBUG] cheese - null
[2020-07-17T16:28:13.243] [DEBUG] cheese - login => username:zs,password:123456
[2020-07-17T16:28:13.244] [DEBUG] cheese - zs
[2020-07-17T16:28:13.251] [DEBUG] cheese - null
[2020-07-17T16:28:13.252] [DEBUG] cheese - null
[2020-07-17T18:14:24.903] [DEBUG] cheese - login => username:张三1,password:123222
[2020-07-17T18:14:24.903] [DEBUG] cheese - 张三1
[2020-07-17T18:14:24.907] [DEBUG] cheese - null
[2020-07-17T18:14:24.907] [DEBUG] cheese - null
[2020-07-17T18:18:54.684] [DEBUG] cheese - login => username:张三eqe,password:123wqe
[2020-07-17T18:18:54.685] [DEBUG] cheese - 张三eqe
[2020-07-17T18:18:54.686] [DEBUG] cheese - null
[2020-07-17T18:18:54.686] [DEBUG] cheese - null
[2020-07-17T18:19:41.521] [DEBUG] cheese - login => username:张三11,password:12322
[2020-07-17T18:19:41.521] [DEBUG] cheese - 张三11
[2020-07-17T18:19:41.522] [DEBUG] cheese - null
[2020-07-17T18:19:41.522] [DEBUG] cheese - null
[2020-07-17T18:20:44.465] [DEBUG] cheese - login => username:张三11,password:123222
[2020-07-17T18:20:44.465] [DEBUG] cheese - 张三11
[2020-07-17T18:20:44.466] [DEBUG] cheese - null
[2020-07-17T18:20:44.466] [DEBUG] cheese - null
[2020-07-17T18:22:53.165] [DEBUG] cheese - login => username:张三2,password:12322
[2020-07-17T18:22:53.165] [DEBUG] cheese - 张三2
[2020-07-17T18:22:53.167] [DEBUG] cheese - null
[2020-07-17T18:22:53.168] [DEBUG] cheese - null
[2020-07-17T18:23:23.080] [DEBUG] cheese - login => username:张三22,password:123222
[2020-07-17T18:23:23.080] [DEBUG] cheese - 张三22
[2020-07-17T18:23:23.082] [DEBUG] cheese - null
[2020-07-17T18:23:23.082] [DEBUG] cheese - null
[2020-07-17T18:26:35.858] [DEBUG] cheese - login => username:admin,password:admin
[2020-07-17T18:26:35.858] [DEBUG] cheese - admin
[2020-07-17T18:26:35.861] [DEBUG] cheese - null
[2020-07-17T18:26:35.862] [DEBUG] cheese - null
[2020-07-17T18:40:00.496] [DEBUG] cheese - login => username:张三2,password:1232222
[2020-07-17T18:40:00.496] [DEBUG] cheese - 张三2
[2020-07-17T18:40:00.497] [DEBUG] cheese - null
[2020-07-17T18:40:00.497] [DEBUG] cheese - null
[2020-07-17T18:40:22.387] [DEBUG] cheese - login => username:张三22,password:1232222
[2020-07-17T18:40:22.387] [DEBUG] cheese - 张三22
[2020-07-17T18:40:22.390] [DEBUG] cheese - null
[2020-07-17T18:40:22.390] [DEBUG] cheese - null
[2020-07-17T18:44:04.498] [DEBUG] cheese - login => username:张三2,password:123222
[2020-07-17T18:44:04.498] [DEBUG] cheese - 张三2
[2020-07-17T18:44:04.500] [DEBUG] cheese - null
[2020-07-17T18:44:04.500] [DEBUG] cheese - null
[2020-07-17T18:44:10.871] [DEBUG] cheese - login => username:张三2,password:123222
[2020-07-17T18:44:10.871] [DEBUG] cheese - 张三2
[2020-07-17T18:44:10.873] [DEBUG] cheese - null
[2020-07-17T18:44:10.873] [DEBUG] cheese - null
[2020-07-17T18:45:08.449] [DEBUG] cheese - login => username:张三22,password:1232222
[2020-07-17T18:45:08.450] [DEBUG] cheese - 张三22
[2020-07-17T18:45:08.452] [DEBUG] cheese - null
[2020-07-17T18:45:08.452] [DEBUG] cheese - null
[2020-07-17T18:45:13.708] [DEBUG] cheese - login => username:张三222,password:123222
[2020-07-17T18:45:13.708] [DEBUG] cheese - 张三222
[2020-07-17T18:45:13.710] [DEBUG] cheese - null
[2020-07-17T18:45:13.710] [DEBUG] cheese - null
[2020-07-17T19:11:41.911] [DEBUG] cheese - login => username:zs,password:123456
[2020-07-17T19:11:41.912] [DEBUG] cheese - zs
[2020-07-17T19:11:41.914] [DEBUG] cheese - null
[2020-07-17T19:11:41.914] [DEBUG] cheese - null
[2020-07-17T19:21:18.714] [DEBUG] cheese - login => username:admin,password:123456
[2020-07-17T19:21:18.714] [DEBUG] cheese - admin
[2020-07-17T19:21:18.717] [DEBUG] cheese - null
[2020-07-17T19:21:18.718] [DEBUG] cheese - null
[2020-07-17T19:21:20.691] [DEBUG] cheese - login => username:admin,password:123456
[2020-07-17T19:21:20.691] [DEBUG] cheese - admin
[2020-07-17T19:21:20.693] [DEBUG] cheese - null
[2020-07-17T19:21:20.693] [DEBUG] cheese - null
[2020-07-17T19:22:58.530] [DEBUG] cheese - login => username:admin,password:123456
[2020-07-17T19:22:58.531] [DEBUG] cheese - admin
[2020-07-17T19:22:58.532] [DEBUG] cheese - null
[2020-07-17T19:22:58.532] [DEBUG] cheese - null
[2020-07-17T19:23:49.488] [DEBUG] cheese - login => username:admin,password:123456
[2020-07-17T19:23:49.488] [DEBUG] cheese - admin
[2020-07-17T19:23:49.490] [DEBUG] cheese - null
[2020-07-17T19:23:49.490] [DEBUG] cheese - null
[2020-07-17T19:24:17.485] [DEBUG] cheese - login => username:admin,password:123456
[2020-07-17T19:24:17.485] [DEBUG] cheese - admin
[2020-07-17T19:24:17.487] [DEBUG] cheese - null
[2020-07-17T19:24:17.487] [DEBUG] cheese - null
[2020-07-17T19:24:51.088] [DEBUG] cheese - login => username:admin,password:123456
[2020-07-17T19:24:51.089] [DEBUG] cheese - admin
[2020-07-17T19:24:51.090] [DEBUG] cheese - null
[2020-07-17T19:24:51.090] [DEBUG] cheese - null
[2020-07-17T19:25:23.502] [DEBUG] cheese - login => username:admin,password:123456
[2020-07-17T19:25:23.502] [DEBUG] cheese - admin
[2020-07-17T19:25:23.503] [DEBUG] cheese - null
[2020-07-17T19:25:23.504] [DEBUG] cheese - null
[2020-07-17T19:26:52.670] [DEBUG] cheese - login => username:admin,password:123456
[2020-07-17T19:26:52.670] [DEBUG] cheese - admin
[2020-07-17T19:26:52.672] [DEBUG] cheese - null
[2020-07-17T19:26:52.672] [DEBUG] cheese - null
[2020-07-17T19:27:08.337] [DEBUG] cheese - login => username:admin,password:123456
[2020-07-17T19:27:08.337] [DEBUG] cheese - admin
[2020-07-17T19:27:08.339] [DEBUG] cheese - null
[2020-07-17T19:27:08.339] [DEBUG] cheese - null
[2020-07-17T19:44:43.350] [DEBUG] cheese - login => username:admin,password:123456
[2020-07-17T19:44:43.350] [DEBUG] cheese - admin
[2020-07-17T19:44:43.352] [DEBUG] cheese - null
[2020-07-17T19:44:43.352] [DEBUG] cheese - null
[2020-07-17T19:44:51.945] [DEBUG] cheese - login => username:admin,password:123456
[2020-07-17T19:44:51.945] [DEBUG] cheese - admin
[2020-07-17T19:44:51.947] [DEBUG] cheese - null
[2020-07-17T19:44:51.947] [DEBUG] cheese - null
[2020-07-17T20:54:17.400] [DEBUG] cheese - login => username:admin,password:123456
[2020-07-17T20:54:17.400] [DEBUG] cheese - admin
[2020-07-17T20:54:17.402] [DEBUG] cheese - null
[2020-07-17T20:54:17.402] [DEBUG] cheese - null
[2020-07-17T20:54:51.188] [DEBUG] cheese - login => username:admin,password:123456
[2020-07-17T20:54:51.189] [DEBUG] cheese - admin
[2020-07-17T20:54:51.190] [DEBUG] cheese - null
[2020-07-17T20:54:51.190] [DEBUG] cheese - null
[2020-07-17T20:55:27.454] [DEBUG] cheese - login => username:admi,password:123456
[2020-07-17T20:55:27.454] [DEBUG] cheese - admi
[2020-07-17T20:55:27.457] [DEBUG] cheese - null
[2020-07-17T20:55:27.457] [DEBUG] cheese - null
[2020-07-17T20:55:36.916] [DEBUG] cheese - login => username:admin,password:123456
[2020-07-17T20:55:36.916] [DEBUG] cheese - admin
[2020-07-17T20:55:36.918] [DEBUG] cheese - null
[2020-07-17T20:55:36.918] [DEBUG] cheese - null
[2020-07-17T20:55:43.859] [DEBUG] cheese - login => username:admi,password:123456
[2020-07-17T20:55:43.859] [DEBUG] cheese - admi
[2020-07-17T20:55:43.864] [DEBUG] cheese - null
[2020-07-17T20:55:43.864] [DEBUG] cheese - null
[2020-07-17T20:59:44.317] [DEBUG] cheese - login => username:admin,password:123456
[2020-07-17T20:59:44.317] [DEBUG] cheese - admin
[2020-07-17T20:59:44.318] [DEBUG] cheese - null
[2020-07-17T20:59:44.319] [DEBUG] cheese - null
[2020-07-18T09:43:30.332] [DEBUG] cheese - login => username:admin,password:123456
[2020-07-18T09:43:30.332] [DEBUG] cheese - admin
[2020-07-18T09:43:30.347] [DEBUG] cheese - null
[2020-07-18T09:43:30.347] [DEBUG] cheese - null
[2020-07-18T10:03:05.800] [DEBUG] cheese - login => username:admin,password:123456
[2020-07-18T10:03:05.800] [DEBUG] cheese - admin
[2020-07-18T10:03:05.802] [DEBUG] cheese - null
[2020-07-18T10:03:05.802] [DEBUG] cheese - null
[2020-07-18T10:56:19.212] [DEBUG] cheese - login => username:admin,password:123456
[2020-07-18T10:56:19.213] [DEBUG] cheese - admin
[2020-07-18T10:56:19.223] [DEBUG] cheese - null
[2020-07-18T10:56:19.224] [DEBUG] cheese - null
[2020-07-18T11:04:01.723] [DEBUG] cheese - login => username:admin,password:123456
[2020-07-18T11:04:01.723] [DEBUG] cheese - admin
[2020-07-18T11:04:01.726] [DEBUG] cheese - null
[2020-07-18T11:04:01.726] [DEBUG] cheese - null
[2020-07-18T11:05:10.289] [DEBUG] cheese - login => username:admin,password:123456
[2020-07-18T11:05:10.289] [DEBUG] cheese - admin
[2020-07-18T11:05:10.291] [DEBUG] cheese - null
[2020-07-18T11:05:10.291] [DEBUG] cheese - null
[2020-07-18T11:06:52.926] [DEBUG] cheese - login => username:admin,password:123456
[2020-07-18T11:06:52.926] [DEBUG] cheese - admin
[2020-07-18T11:06:52.928] [DEBUG] cheese - null
[2020-07-18T11:06:52.928] [DEBUG] cheese - null
[2020-07-18T11:07:10.509] [DEBUG] cheese - login => username:admin,password:123456
[2020-07-18T11:07:10.509] [DEBUG] cheese - admin
[2020-07-18T11:07:10.511] [DEBUG] cheese - null
[2020-07-18T11:07:10.511] [DEBUG] cheese - null
[2020-07-18T11:07:25.443] [DEBUG] cheese - login => username:admin,password:123456
[2020-07-18T11:07:25.443] [DEBUG] cheese - admin
[2020-07-18T11:07:25.445] [DEBUG] cheese - null
[2020-07-18T11:07:25.445] [DEBUG] cheese - null
[2020-07-18T11:08:14.333] [DEBUG] cheese - login => username:admin,password:123456
[2020-07-18T11:08:14.333] [DEBUG] cheese - admin
[2020-07-18T11:08:14.336] [DEBUG] cheese - null
[2020-07-18T11:08:14.336] [DEBUG] cheese - null
[2020-07-18T11:14:29.789] [DEBUG] cheese - login => username:admin,password:123456
[2020-07-18T11:14:29.789] [DEBUG] cheese - admin
[2020-07-18T11:14:29.791] [DEBUG] cheese - null
[2020-07-18T11:14:29.791] [DEBUG] cheese - null
[2020-07-18T11:15:38.129] [DEBUG] cheese - login => username:admin,password:123456
[2020-07-18T11:15:38.129] [DEBUG] cheese - admin
[2020-07-18T11:15:38.132] [DEBUG] cheese - null
[2020-07-18T11:15:38.132] [DEBUG] cheese - null
[2020-07-18T11:15:44.598] [DEBUG] cheese - login => username:admin,password:123456
[2020-07-18T11:15:44.598] [DEBUG] cheese - admin
[2020-07-18T11:15:44.600] [DEBUG] cheese - null
[2020-07-18T11:15:44.600] [DEBUG] cheese - null
[2020-07-18T11:15:50.954] [DEBUG] cheese - login => username:admin,password:123456
[2020-07-18T11:15:50.954] [DEBUG] cheese - admin
[2020-07-18T11:15:50.956] [DEBUG] cheese - null
[2020-07-18T11:15:50.956] [DEBUG] cheese - null
[2020-07-18T11:17:25.909] [DEBUG] cheese - login => username:admin,password:123456
[2020-07-18T11:17:25.909] [DEBUG] cheese - admin
[2020-07-18T11:17:25.911] [DEBUG] cheese - null
[2020-07-18T11:17:25.912] [DEBUG] cheese - null
[2020-07-18T11:18:00.421] [DEBUG] cheese - login => username:admin,password:123456
[2020-07-18T11:18:00.421] [DEBUG] cheese - admin
[2020-07-18T11:18:00.423] [DEBUG] cheese - null
[2020-07-18T11:18:00.423] [DEBUG] cheese - null
[2020-07-18T11:18:31.449] [DEBUG] cheese - login => username:admin,password:123456
[2020-07-18T11:18:31.449] [DEBUG] cheese - admin
[2020-07-18T11:18:31.451] [DEBUG] cheese - null
[2020-07-18T11:18:31.451] [DEBUG] cheese - null
[2020-07-18T11:18:47.157] [DEBUG] cheese - login => username:admin,password:123456
[2020-07-18T11:18:47.157] [DEBUG] cheese - admin
[2020-07-18T11:18:47.159] [DEBUG] cheese - null
[2020-07-18T11:18:47.159] [DEBUG] cheese - null
[2020-07-18T11:19:17.717] [DEBUG] cheese - login => username:admin,password:123456
[2020-07-18T11:19:17.718] [DEBUG] cheese - admin
[2020-07-18T11:19:17.720] [DEBUG] cheese - null
[2020-07-18T11:19:17.720] [DEBUG] cheese - null
[2020-07-18T11:20:02.692] [DEBUG] cheese - login => username:admin,password:123456
[2020-07-18T11:20:02.692] [DEBUG] cheese - admin
[2020-07-18T11:20:02.694] [DEBUG] cheese - null
[2020-07-18T11:20:02.694] [DEBUG] cheese - null
[2020-07-18T11:31:50.735] [DEBUG] cheese - login => username:admin,password:123456
[2020-07-18T11:31:50.735] [DEBUG] cheese - admin
[2020-07-18T11:31:50.737] [DEBUG] cheese - null
[2020-07-18T11:31:50.738] [DEBUG] cheese - null
[2020-07-18T14:31:11.214] [DEBUG] cheese - login => username:admin,password:123456
[2020-07-18T14:31:11.214] [DEBUG] cheese - admin
[2020-07-18T14:31:11.216] [DEBUG] cheese - null
[2020-07-18T14:31:11.216] [DEBUG] cheese - null
[2020-07-18T15:17:05.258] [DEBUG] cheese - login => username:admi,password:123456
[2020-07-18T15:17:05.259] [DEBUG] cheese - admi
[2020-07-18T15:17:05.260] [DEBUG] cheese - null
[2020-07-18T15:17:05.260] [DEBUG] cheese - null
[2020-07-18T15:17:09.926] [DEBUG] cheese - login => username:admin,password:123456
[2020-07-18T15:17:09.926] [DEBUG] cheese - admin
[2020-07-18T15:17:09.929] [DEBUG] cheese - null
[2020-07-18T15:17:09.930] [DEBUG] cheese - null
[2020-07-18T15:21:13.446] [DEBUG] cheese - login => username:admin,password:123456
[2020-07-18T15:21:13.446] [DEBUG] cheese - admin
[2020-07-18T15:21:13.447] [DEBUG] cheese - null
[2020-07-18T15:21:13.447] [DEBUG] cheese - null
[2020-07-18T15:27:02.790] [DEBUG] cheese - login => username:admin,password:123456
[2020-07-18T15:27:02.790] [DEBUG] cheese - admin
[2020-07-18T15:27:02.792] [DEBUG] cheese - null
[2020-07-18T15:27:02.792] [DEBUG] cheese - null
[2020-07-18T15:41:45.990] [DEBUG] cheese - login => username:admin,password:123456
[2020-07-18T15:41:45.991] [DEBUG] cheese - admin
[2020-07-18T15:41:45.992] [DEBUG] cheese - null
[2020-07-18T15:41:45.992] [DEBUG] cheese - null
[2020-07-18T15:43:29.481] [DEBUG] cheese - login => username:admin,password:123456
[2020-07-18T15:43:29.481] [DEBUG] cheese - admin
[2020-07-18T15:43:29.485] [DEBUG] cheese - null
[2020-07-18T15:43:29.485] [DEBUG] cheese - null
[2020-07-18T16:07:53.791] [DEBUG] cheese - login => username:admin,password:123456
[2020-07-18T16:07:53.791] [DEBUG] cheese - admin
[2020-07-18T16:07:53.792] [DEBUG] cheese - null
[2020-07-18T16:07:53.793] [DEBUG] cheese - null
[2020-07-18T16:11:28.927] [DEBUG] cheese - login => username:admin,password:123456
[2020-07-18T16:11:28.927] [DEBUG] cheese - admin
[2020-07-18T16:11:28.929] [DEBUG] cheese - null
[2020-07-18T16:11:28.929] [DEBUG] cheese - null
[2020-07-18T16:15:42.362] [DEBUG] cheese - login => username:admin,password:123456
[2020-07-18T16:15:42.362] [DEBUG] cheese - admin
[2020-07-18T16:15:42.364] [DEBUG] cheese - null
[2020-07-18T16:15:42.364] [DEBUG] cheese - null
[2020-07-18T16:47:52.140] [DEBUG] cheese - login => username:admin,password:123456
[2020-07-18T16:47:52.140] [DEBUG] cheese - admin
[2020-07-18T16:47:52.143] [DEBUG] cheese - null
[2020-07-18T16:47:52.143] [DEBUG] cheese - null
[2020-07-18T16:48:27.997] [DEBUG] cheese - login => username:admin,password:123456
[2020-07-18T16:48:27.997] [DEBUG] cheese - admin
[2020-07-18T16:48:27.999] [DEBUG] cheese - null
[2020-07-18T16:48:28.000] [DEBUG] cheese - null
[2020-07-18T16:48:31.180] [DEBUG] cheese - login => username:admin,password:123456
[2020-07-18T16:48:31.180] [DEBUG] cheese - admin
[2020-07-18T16:48:31.182] [DEBUG] cheese - null
[2020-07-18T16:48:31.182] [DEBUG] cheese - null
[2020-07-18T17:10:34.742] [DEBUG] cheese - login => username:admin,password:123456222
[2020-07-18T17:10:34.742] [DEBUG] cheese - admin
[2020-07-18T17:10:34.745] [DEBUG] cheese - null
[2020-07-18T17:10:34.745] [DEBUG] cheese - null
[2020-07-18T17:10:41.148] [DEBUG] cheese - login => username:admin,password:123456
[2020-07-18T17:10:41.148] [DEBUG] cheese - admin
[2020-07-18T17:10:41.150] [DEBUG] cheese - null
[2020-07-18T17:10:41.150] [DEBUG] cheese - null
[2020-07-18T17:11:48.023] [DEBUG] cheese - login => username:admi,password:123456
[2020-07-18T17:11:48.023] [DEBUG] cheese - admi
[2020-07-18T17:11:48.024] [DEBUG] cheese - null
[2020-07-18T17:11:48.025] [DEBUG] cheese - null
[2020-07-18T17:11:52.267] [DEBUG] cheese - login => username:admin,password:123456
[2020-07-18T17:11:52.267] [DEBUG] cheese - admin
[2020-07-18T17:11:52.270] [DEBUG] cheese - null
[2020-07-18T17:11:52.270] [DEBUG] cheese - null
[2020-07-18T17:17:35.035] [DEBUG] cheese - login => username:admin,password:123456
[2020-07-18T17:17:35.035] [DEBUG] cheese - admin
[2020-07-18T17:17:35.037] [DEBUG] cheese - null
[2020-07-18T17:17:35.037] [DEBUG] cheese - null
[2020-07-19T10:59:54.400] [DEBUG] cheese - login => username:admin,password:123456
[2020-07-19T10:59:54.400] [DEBUG] cheese - admin
[2020-07-19T10:59:54.409] [DEBUG] cheese - null
[2020-07-19T10:59:54.409] [DEBUG] cheese - null
[2020-07-19T11:00:05.428] [DEBUG] cheese - login => username:admin,password:123456
[2020-07-19T11:00:05.428] [DEBUG] cheese - admin
[2020-07-19T11:00:05.434] [DEBUG] cheese - null
[2020-07-19T11:00:05.434] [DEBUG] cheese - null
[2020-07-19T11:11:00.751] [DEBUG] cheese - login => username:admi,password:123456
[2020-07-19T11:11:00.751] [DEBUG] cheese - admi
[2020-07-19T11:11:00.752] [DEBUG] cheese - null
[2020-07-19T11:11:00.752] [DEBUG] cheese - null
[2020-07-19T11:11:04.662] [DEBUG] cheese - login => username:admin,password:123456
[2020-07-19T11:11:04.662] [DEBUG] cheese - admin
[2020-07-19T11:11:04.665] [DEBUG] cheese - null
[2020-07-19T11:11:04.665] [DEBUG] cheese - null
[2020-07-20T16:41:16.962] [DEBUG] cheese - login => username:admin,password:123456
[2020-07-20T16:41:16.962] [DEBUG] cheese - admin
[2020-07-20T16:41:16.972] [DEBUG] cheese - null
[2020-07-20T16:41:16.972] [DEBUG] cheese - null
[2020-07-20T16:46:19.050] [DEBUG] cheese - login => username:admi,password:123456
[2020-07-20T16:46:19.051] [DEBUG] cheese - admi
[2020-07-20T16:46:19.052] [DEBUG] cheese - null
[2020-07-20T16:46:19.052] [DEBUG] cheese - null
[2020-07-20T16:46:27.193] [DEBUG] cheese - login => username:admin,password:123456
[2020-07-20T16:46:27.194] [DEBUG] cheese - admin
[2020-07-20T16:46:27.195] [DEBUG] cheese - null
[2020-07-20T16:46:27.195] [DEBUG] cheese - null
[2020-07-20T16:47:15.985] [DEBUG] cheese - login => username:admin,password:123456
[2020-07-20T16:47:15.985] [DEBUG] cheese - admin
[2020-07-20T16:47:15.987] [DEBUG] cheese - null
[2020-07-20T16:47:15.987] [DEBUG] cheese - null
[2020-07-20T16:47:24.228] [DEBUG] cheese - login => username:admin,password:123456
[2020-07-20T16:47:24.228] [DEBUG] cheese - admin
[2020-07-20T16:47:24.230] [DEBUG] cheese - null
[2020-07-20T16:47:24.231] [DEBUG] cheese - null
[2020-07-20T17:13:12.645] [DEBUG] cheese - login => username:霖总！,password:123456
[2020-07-20T17:13:12.645] [DEBUG] cheese - 霖总！
[2020-07-20T17:13:12.647] [DEBUG] cheese - null
[2020-07-20T17:13:12.647] [DEBUG] cheese - null
[2020-07-20T17:13:17.961] [DEBUG] cheese - login => username:admin,password:123456
[2020-07-20T17:13:17.961] [DEBUG] cheese - admin
[2020-07-20T17:13:17.963] [DEBUG] cheese - null
[2020-07-20T17:13:17.964] [DEBUG] cheese - null
[2020-07-20T17:16:47.471] [DEBUG] cheese - login => username:admin,password:123456
[2020-07-20T17:16:47.471] [DEBUG] cheese - admin
[2020-07-20T17:16:47.473] [DEBUG] cheese - null
[2020-07-20T17:16:47.473] [DEBUG] cheese - null
[2020-07-20T21:15:18.930] [DEBUG] cheese - login => username:admin,password:123456
[2020-07-20T21:15:18.931] [DEBUG] cheese - admin
[2020-07-20T21:15:18.932] [DEBUG] cheese - null
[2020-07-20T21:15:18.932] [DEBUG] cheese - null
[2020-07-20T22:09:02.321] [DEBUG] cheese - login => username:admin,password:123456
[2020-07-20T22:09:02.321] [DEBUG] cheese - admin
[2020-07-20T22:09:02.327] [DEBUG] cheese - null
[2020-07-20T22:09:02.327] [DEBUG] cheese - null
[2020-07-20T22:09:06.737] [DEBUG] cheese - login => username:admin,password:123456
[2020-07-20T22:09:06.737] [DEBUG] cheese - admin
[2020-07-20T22:09:06.748] [DEBUG] cheese - null
[2020-07-20T22:09:06.748] [DEBUG] cheese - null
[2020-07-21T13:59:45.078] [DEBUG] cheese - login => username:admin,password:123456
[2020-07-21T13:59:45.078] [DEBUG] cheese - admin
[2020-07-21T13:59:45.082] [DEBUG] cheese - null
[2020-07-21T13:59:45.082] [DEBUG] cheese - null
[2020-07-21T14:22:48.357] [DEBUG] cheese - login => username:admin,password:123456
[2020-07-21T14:22:48.357] [DEBUG] cheese - admin
[2020-07-21T14:22:48.361] [DEBUG] cheese - null
[2020-07-21T14:22:48.361] [DEBUG] cheese - null
[2020-07-21T15:52:24.570] [DEBUG] cheese - login => username:admin,password:123456
[2020-07-21T15:52:24.570] [DEBUG] cheese - admin
[2020-07-21T15:52:24.576] [DEBUG] cheese - null
[2020-07-21T15:52:24.577] [DEBUG] cheese - null
[2020-07-21T23:09:24.621] [DEBUG] cheese - null
[2020-07-21T23:09:26.946] [DEBUG] cheese - null
[2020-07-21T23:12:36.667] [DEBUG] cheese - null
[2020-07-21T23:14:21.429] [DEBUG] cheese - null
[2020-07-21T23:14:25.066] [DEBUG] cheese - null
[2020-07-22T00:47:54.397] [DEBUG] cheese - null
[2020-07-22T01:42:36.776] [DEBUG] cheese - login => username:admin,password:123456
[2020-07-22T01:42:36.776] [DEBUG] cheese - admin
[2020-07-22T01:42:36.778] [DEBUG] cheese - null
[2020-07-22T01:42:36.778] [DEBUG] cheese - null
[2020-07-22T02:06:09.664] [DEBUG] cheese - login => username:admin,password:123456
[2020-07-22T02:06:09.664] [DEBUG] cheese - admin
[2020-07-22T02:06:09.666] [DEBUG] cheese - null
[2020-07-22T02:06:09.666] [DEBUG] cheese - null
[2021-06-25T20:50:41.800] [DEBUG] cheese - login => username:user,password:password
[2021-06-25T20:50:41.803] [DEBUG] cheese - user
[2021-06-25T20:50:41.832] [DEBUG] cheese - null
[2021-06-25T20:50:41.832] [DEBUG] cheese - null
[2021-06-25T20:51:31.703] [DEBUG] cheese - login => username:user,password:password
[2021-06-25T20:51:31.704] [DEBUG] cheese - user
[2021-06-25T20:51:31.711] [DEBUG] cheese - null
[2021-06-25T20:51:31.711] [DEBUG] cheese - null
[2021-06-25T20:53:28.350] [DEBUG] cheese - login => username:user,password:pass
[2021-06-25T20:53:28.350] [DEBUG] cheese - user
[2021-06-25T20:53:28.352] [DEBUG] cheese - null
[2021-06-25T20:53:28.352] [DEBUG] cheese - null
[2021-06-25T20:53:31.925] [DEBUG] cheese - login => username:user,password:pass
[2021-06-25T20:53:31.925] [DEBUG] cheese - user
[2021-06-25T20:53:31.928] [DEBUG] cheese - null
[2021-06-25T20:53:31.928] [DEBUG] cheese - null
[2021-06-25T20:53:32.475] [DEBUG] cheese - login => username:user,password:pass
[2021-06-25T20:53:32.475] [DEBUG] cheese - user
[2021-06-25T20:53:32.478] [DEBUG] cheese - null
[2021-06-25T20:53:32.478] [DEBUG] cheese - null
[2021-06-25T20:53:33.098] [DEBUG] cheese - login => username:user,password:pass
[2021-06-25T20:53:33.098] [DEBUG] cheese - user
[2021-06-25T20:53:33.101] [DEBUG] cheese - null
[2021-06-25T20:53:33.101] [DEBUG] cheese - null
[2021-06-25T20:53:33.632] [DEBUG] cheese - login => username:user,password:pass
[2021-06-25T20:53:33.632] [DEBUG] cheese - user
[2021-06-25T20:53:33.634] [DEBUG] cheese - null
[2021-06-25T20:53:33.635] [DEBUG] cheese - null
[2021-06-25T20:53:34.317] [DEBUG] cheese - login => username:user,password:pass
[2021-06-25T20:53:34.317] [DEBUG] cheese - user
[2021-06-25T20:53:34.319] [DEBUG] cheese - null
[2021-06-25T20:53:34.320] [DEBUG] cheese - null
[2021-06-25T20:53:34.902] [DEBUG] cheese - login => username:user,password:pass
[2021-06-25T20:53:34.902] [DEBUG] cheese - user
[2021-06-25T20:53:34.904] [DEBUG] cheese - null
[2021-06-25T20:53:34.905] [DEBUG] cheese - null
[2021-06-25T20:53:42.407] [DEBUG] cheese - login => username:user,password:password
[2021-06-25T20:53:42.407] [DEBUG] cheese - user
[2021-06-25T20:53:42.412] [DEBUG] cheese - null
[2021-06-25T20:53:42.412] [DEBUG] cheese - null
[2021-06-25T20:54:09.342] [DEBUG] cheese - login => username:user,password:password
[2021-06-25T20:54:09.342] [DEBUG] cheese - user
[2021-06-25T20:54:09.344] [DEBUG] cheese - null
[2021-06-25T20:54:09.344] [DEBUG] cheese - null
[2021-06-25T20:54:19.326] [DEBUG] cheese - login => username:user,password:pass
[2021-06-25T20:54:19.326] [DEBUG] cheese - user
[2021-06-25T20:54:19.327] [DEBUG] cheese - null
[2021-06-25T20:54:19.327] [DEBUG] cheese - null
[2022-03-17T20:37:03.193] [DEBUG] cheese - login => username:admin,password:12345
[2022-03-17T20:37:03.199] [DEBUG] cheese - admin
[2022-03-17T20:37:03.253] [DEBUG] cheese - null
[2022-03-17T20:37:03.254] [DEBUG] cheese - null
[2022-03-17T20:37:37.378] [DEBUG] cheese - login => username:admin,password:123456
[2022-03-17T20:37:37.378] [DEBUG] cheese - admin
[2022-03-17T20:37:37.381] [DEBUG] cheese - null
[2022-03-17T20:37:37.381] [DEBUG] cheese - null
[2022-03-17T20:41:17.114] [DEBUG] cheese - login => username:admin,password:12345
[2022-03-17T20:41:17.115] [DEBUG] cheese - admin
[2022-03-17T20:41:17.120] [DEBUG] cheese - null
[2022-03-17T20:41:17.120] [DEBUG] cheese - null
[2022-03-17T20:41:43.932] [DEBUG] cheese - login => username:admin,password:12345
[2022-03-17T20:41:43.932] [DEBUG] cheese - admin
[2022-03-17T20:41:43.935] [DEBUG] cheese - null
[2022-03-17T20:41:43.935] [DEBUG] cheese - null
[2022-03-17T20:42:04.004] [DEBUG] cheese - login => username:admin,password:12345
[2022-03-17T20:42:04.004] [DEBUG] cheese - admin
[2022-03-17T20:42:04.006] [DEBUG] cheese - null
[2022-03-17T20:42:04.006] [DEBUG] cheese - null
[2022-03-17T20:47:18.368] [DEBUG] cheese - login => username:admin,password:12345
[2022-03-17T20:47:18.368] [DEBUG] cheese - admin
[2022-03-17T20:47:18.372] [DEBUG] cheese - null
[2022-03-17T20:47:18.372] [DEBUG] cheese - null
[2022-03-17T20:47:29.412] [DEBUG] cheese - login => username:admin,password:12345
[2022-03-17T20:47:29.412] [DEBUG] cheese - admin
[2022-03-17T20:47:29.416] [DEBUG] cheese - null
[2022-03-17T20:47:29.416] [DEBUG] cheese - null
[2022-03-17T20:47:38.089] [DEBUG] cheese - login => username:admin,password:123456
[2022-03-17T20:47:38.089] [DEBUG] cheese - admin
[2022-03-17T20:47:38.092] [DEBUG] cheese - null
[2022-03-17T20:47:38.093] [DEBUG] cheese - null
[2022-03-17T20:47:53.624] [DEBUG] cheese - login => username:admin,password:12345
[2022-03-17T20:47:53.625] [DEBUG] cheese - admin
[2022-03-17T20:47:53.628] [DEBUG] cheese - null
[2022-03-17T20:47:53.628] [DEBUG] cheese - null
